  Animation.cpp
e:\clonerepo\nmpt_game\ninjagaiden\animation.cpp(29): warning C4244: 'argument': conversion from 'float' to 'int', possible loss of data
e:\clonerepo\nmpt_game\ninjagaiden\animation.cpp(47): warning C4244: 'argument': conversion from 'float' to 'int', possible loss of data
e:\clonerepo\nmpt_game\ninjagaiden\animation.cpp(80): warning C4244: '+=': conversion from 'double' to 'float', possible loss of data
e:\clonerepo\nmpt_game\ninjagaiden\animation.cpp(81): warning C4244: '+=': conversion from 'double' to 'float', possible loss of data
  BlueShuriken.cpp
  c:\program files (x86)\microsoft directx sdk (june 2010)\include\dinput.h: DIRECTINPUT_VERSION undefined. Defaulting to version 0x0800
e:\clonerepo\nmpt_game\ninjagaiden\blueshuriken.cpp(11): warning C4244: '=': conversion from 'UINT' to 'float', possible loss of data
e:\clonerepo\nmpt_game\ninjagaiden\blueshuriken.cpp(12): warning C4244: '=': conversion from 'UINT' to 'float', possible loss of data
e:\clonerepo\nmpt_game\ninjagaiden\blueshuriken.cpp(43): warning C4244: '=': conversion from 'int' to 'float', possible loss of data
e:\clonerepo\nmpt_game\ninjagaiden\blueshuriken.cpp(48): warning C4244: '=': conversion from 'int' to 'float', possible loss of data
e:\clonerepo\nmpt_game\ninjagaiden\blueshuriken.cpp(53): warning C4244: '=': conversion from 'int' to 'float', possible loss of data
e:\clonerepo\nmpt_game\ninjagaiden\blueshuriken.cpp(57): warning C4244: '=': conversion from 'int' to 'float', possible loss of data
  Camera.cpp
e:\clonerepo\nmpt_game\ninjagaiden\camera.cpp(10): warning C4244: '=': conversion from 'int' to 'float', possible loss of data
e:\clonerepo\nmpt_game\ninjagaiden\camera.cpp(11): warning C4244: '=': conversion from 'int' to 'float', possible loss of data
e:\clonerepo\nmpt_game\ninjagaiden\camera.cpp(20): warning C4244: '=': conversion from 'int' to 'float', possible loss of data
  Cat.cpp
  c:\program files (x86)\microsoft directx sdk (june 2010)\include\dinput.h: DIRECTINPUT_VERSION undefined. Defaulting to version 0x0800
e:\clonerepo\nmpt_game\ninjagaiden\cat.cpp(12): warning C4244: '=': conversion from 'UINT' to 'float', possible loss of data
e:\clonerepo\nmpt_game\ninjagaiden\cat.cpp(13): warning C4244: '=': conversion from 'UINT' to 'float', possible loss of data
e:\clonerepo\nmpt_game\ninjagaiden\cat.cpp(33): warning C4244: '=': conversion from 'int' to 'float', possible loss of data
e:\clonerepo\nmpt_game\ninjagaiden\cat.cpp(37): warning C4244: '=': conversion from 'int' to 'float', possible loss of data
e:\clonerepo\nmpt_game\ninjagaiden\cat.cpp(42): warning C4244: '=': conversion from 'int' to 'float', possible loss of data
e:\clonerepo\nmpt_game\ninjagaiden\cat.cpp(46): warning C4244: '=': conversion from 'int' to 'float', possible loss of data
  CatFollowState.cpp
  c:\program files (x86)\microsoft directx sdk (june 2010)\include\dinput.h: DIRECTINPUT_VERSION undefined. Defaulting to version 0x0800
  CollisionDetector.cpp
e:\clonerepo\nmpt_game\ninjagaiden\collisiondetector.cpp(70): warning C4244: 'argument': conversion from 'double' to 'FLOAT', possible loss of data
e:\clonerepo\nmpt_game\ninjagaiden\collisiondetector.cpp(72): warning C4244: 'argument': conversion from 'double' to 'FLOAT', possible loss of data
e:\clonerepo\nmpt_game\ninjagaiden\collisiondetector.cpp(160): warning C4244: 'argument': conversion from 'double' to 'FLOAT', possible loss of data
e:\clonerepo\nmpt_game\ninjagaiden\collisiondetector.cpp(161): warning C4244: 'argument': conversion from 'double' to 'FLOAT', possible loss of data
  Debug.cpp
  Eagle.cpp
  c:\program files (x86)\microsoft directx sdk (june 2010)\include\dinput.h: DIRECTINPUT_VERSION undefined. Defaulting to version 0x0800
e:\clonerepo\nmpt_game\ninjagaiden\eagle.cpp(13): warning C4244: '=': conversion from 'UINT' to 'float', possible loss of data
e:\clonerepo\nmpt_game\ninjagaiden\eagle.cpp(14): warning C4244: '=': conversion from 'UINT' to 'float', possible loss of data
e:\clonerepo\nmpt_game\ninjagaiden\eagle.cpp(39): warning C4244: '=': conversion from 'int' to 'float', possible loss of data
e:\clonerepo\nmpt_game\ninjagaiden\eagle.cpp(43): warning C4244: '=': conversion from 'int' to 'float', possible loss of data
e:\clonerepo\nmpt_game\ninjagaiden\eagle.cpp(48): warning C4244: '=': conversion from 'int' to 'float', possible loss of data
e:\clonerepo\nmpt_game\ninjagaiden\eagle.cpp(52): warning C4244: '=': conversion from 'int' to 'float', possible loss of data
  EagleFollowState.cpp
  c:\program files (x86)\microsoft directx sdk (june 2010)\include\dinput.h: DIRECTINPUT_VERSION undefined. Defaulting to version 0x0800
  Enemy.cpp
  c:\program files (x86)\microsoft directx sdk (june 2010)\include\dinput.h: DIRECTINPUT_VERSION undefined. Defaulting to version 0x0800
e:\clonerepo\nmpt_game\ninjagaiden\enemy.cpp(67): warning C4244: '=': conversion from 'int' to 'float', possible loss of data
e:\clonerepo\nmpt_game\ninjagaiden\enemy.cpp(71): warning C4244: '=': conversion from 'int' to 'float', possible loss of data
e:\clonerepo\nmpt_game\ninjagaiden\enemy.cpp(76): warning C4244: '=': conversion from 'int' to 'float', possible loss of data
e:\clonerepo\nmpt_game\ninjagaiden\enemy.cpp(80): warning C4244: '=': conversion from 'int' to 'float', possible loss of data
e:\clonerepo\nmpt_game\ninjagaiden\enemy.cpp(136): warning C4244: 'argument': conversion from 'float' to 'int', possible loss of data
e:\clonerepo\nmpt_game\ninjagaiden\enemy.cpp(137): warning C4244: 'argument': conversion from 'float' to 'int', possible loss of data
e:\clonerepo\nmpt_game\ninjagaiden\enemy.cpp(138): warning C4244: 'argument': conversion from 'float' to 'int', possible loss of data
  EnemyBeatenState.cpp
  c:\program files (x86)\microsoft directx sdk (june 2010)\include\dinput.h: DIRECTINPUT_VERSION undefined. Defaulting to version 0x0800
  EnemyState.cpp
  c:\program files (x86)\microsoft directx sdk (june 2010)\include\dinput.h: DIRECTINPUT_VERSION undefined. Defaulting to version 0x0800
  EnemyWeaponDestroyState.cpp
  Entity.cpp
e:\clonerepo\nmpt_game\ninjagaiden\entity.cpp(101): warning C4244: '=': conversion from 'int' to 'float', possible loss of data
e:\clonerepo\nmpt_game\ninjagaiden\entity.cpp(109): warning C4244: '=': conversion from 'int' to 'float', possible loss of data
e:\clonerepo\nmpt_game\ninjagaiden\entity.cpp(168): warning C4244: '+=': conversion from 'double' to 'float', possible loss of data
e:\clonerepo\nmpt_game\ninjagaiden\entity.cpp(169): warning C4244: '+=': conversion from 'double' to 'float', possible loss of data
e:\clonerepo\nmpt_game\ninjagaiden\entity.cpp(174): warning C4244: '+=': conversion from 'double' to 'float', possible loss of data
e:\clonerepo\nmpt_game\ninjagaiden\entity.cpp(175): warning C4244: '+=': conversion from 'double' to 'float', possible loss of data
  FlameWheel.cpp
  c:\program files (x86)\microsoft directx sdk (june 2010)\include\dinput.h: DIRECTINPUT_VERSION undefined. Defaulting to version 0x0800
e:\clonerepo\nmpt_game\ninjagaiden\flamewheel.cpp(11): warning C4244: '=': conversion from 'UINT' to 'float', possible loss of data
e:\clonerepo\nmpt_game\ninjagaiden\flamewheel.cpp(12): warning C4244: '=': conversion from 'UINT' to 'float', possible loss of data
e:\clonerepo\nmpt_game\ninjagaiden\flamewheel.cpp(43): warning C4244: '=': conversion from 'int' to 'float', possible loss of data
e:\clonerepo\nmpt_game\ninjagaiden\flamewheel.cpp(48): warning C4244: '=': conversion from 'int' to 'float', possible loss of data
e:\clonerepo\nmpt_game\ninjagaiden\flamewheel.cpp(53): warning C4244: '=': conversion from 'int' to 'float', possible loss of data
e:\clonerepo\nmpt_game\ninjagaiden\flamewheel.cpp(57): warning C4244: '=': conversion from 'int' to 'float', possible loss of data
  GameManager.cpp
  c:\program files (x86)\microsoft directx sdk (june 2010)\include\dinput.h: DIRECTINPUT_VERSION undefined. Defaulting to version 0x0800
  GameMap.cpp
  c:\program files (x86)\microsoft directx sdk (june 2010)\include\dinput.h: DIRECTINPUT_VERSION undefined. Defaulting to version 0x0800
e:\clonerepo\nmpt_game\ninjagaiden\gamemap.cpp(58): warning C4244: 'argument': conversion from 'int' to 'float', possible loss of data
e:\clonerepo\nmpt_game\ninjagaiden\gamemap.cpp(84): warning C4244: 'argument': conversion from 'int' to 'FLOAT', possible loss of data
e:\clonerepo\nmpt_game\ninjagaiden\gamemap.cpp(93): warning C4244: '=': conversion from 'int' to 'float', possible loss of data
e:\clonerepo\nmpt_game\ninjagaiden\gamemap.cpp(94): warning C4244: '=': conversion from 'int' to 'float', possible loss of data
e:\clonerepo\nmpt_game\ninjagaiden\gamemap.cpp(95): warning C4244: '=': conversion from 'int' to 'float', possible loss of data
e:\clonerepo\nmpt_game\ninjagaiden\gamemap.cpp(96): warning C4244: '=': conversion from 'int' to 'float', possible loss of data
e:\clonerepo\nmpt_game\ninjagaiden\gamemap.cpp(104): warning C4244: '=': conversion from 'int' to 'float', possible loss of data
e:\clonerepo\nmpt_game\ninjagaiden\gamemap.cpp(105): warning C4244: '=': conversion from 'int' to 'float', possible loss of data
e:\clonerepo\nmpt_game\ninjagaiden\gamemap.cpp(106): warning C4244: '=': conversion from 'int' to 'float', possible loss of data
e:\clonerepo\nmpt_game\ninjagaiden\gamemap.cpp(107): warning C4244: '=': conversion from 'int' to 'float', possible loss of data
e:\clonerepo\nmpt_game\ninjagaiden\gamemap.cpp(116): warning C4244: '=': conversion from 'int' to 'float', possible loss of data
e:\clonerepo\nmpt_game\ninjagaiden\gamemap.cpp(117): warning C4244: '=': conversion from 'int' to 'float', possible loss of data
e:\clonerepo\nmpt_game\ninjagaiden\gamemap.cpp(118): warning C4244: '=': conversion from 'int' to 'float', possible loss of data
e:\clonerepo\nmpt_game\ninjagaiden\gamemap.cpp(119): warning C4244: '=': conversion from 'int' to 'float', possible loss of data
e:\clonerepo\nmpt_game\ninjagaiden\gamemap.cpp(128): warning C4244: '=': conversion from 'int' to 'float', possible loss of data
e:\clonerepo\nmpt_game\ninjagaiden\gamemap.cpp(129): warning C4244: '=': conversion from 'int' to 'float', possible loss of data
e:\clonerepo\nmpt_game\ninjagaiden\gamemap.cpp(130): warning C4244: '=': conversion from 'int' to 'float', possible loss of data
e:\clonerepo\nmpt_game\ninjagaiden\gamemap.cpp(131): warning C4244: '=': conversion from 'int' to 'float', possible loss of data
e:\clonerepo\nmpt_game\ninjagaiden\gamemap.cpp(140): warning C4244: '=': conversion from 'int' to 'float', possible loss of data
e:\clonerepo\nmpt_game\ninjagaiden\gamemap.cpp(141): warning C4244: '=': conversion from 'int' to 'float', possible loss of data
e:\clonerepo\nmpt_game\ninjagaiden\gamemap.cpp(142): warning C4244: '=': conversion from 'int' to 'float', possible loss of data
e:\clonerepo\nmpt_game\ninjagaiden\gamemap.cpp(143): warning C4244: '=': conversion from 'int' to 'float', possible loss of data
e:\clonerepo\nmpt_game\ninjagaiden\gamemap.cpp(204): warning C4244: '=': conversion from 'int' to 'float', possible loss of data
e:\clonerepo\nmpt_game\ninjagaiden\gamemap.cpp(206): warning C4244: '=': conversion from 'int' to 'float', possible loss of data
e:\clonerepo\nmpt_game\ninjagaiden\gamemap.cpp(210): warning C4244: 'argument': conversion from 'int' to 'FLOAT', possible loss of data
e:\clonerepo\nmpt_game\ninjagaiden\gamemap.cpp(256): warning C4244: '=': conversion from 'int' to 'float', possible loss of data
e:\clonerepo\nmpt_game\ninjagaiden\gamemap.cpp(257): warning C4244: '=': conversion from 'int' to 'float', possible loss of data
  GameTime.cpp
  Graphic.cpp
  Grid.cpp
  c:\program files (x86)\microsoft directx sdk (june 2010)\include\dinput.h: DIRECTINPUT_VERSION undefined. Defaulting to version 0x0800
e:\clonerepo\nmpt_game\ninjagaiden\grid.cpp(37): warning C4244: '=': conversion from 'float' to 'int', possible loss of data
e:\clonerepo\nmpt_game\ninjagaiden\grid.cpp(38): warning C4244: '=': conversion from 'float' to 'int', possible loss of data
e:\clonerepo\nmpt_game\ninjagaiden\grid.cpp(39): warning C4244: '=': conversion from 'int' to 'float', possible loss of data
e:\clonerepo\nmpt_game\ninjagaiden\grid.cpp(40): warning C4244: '=': conversion from 'int' to 'float', possible loss of data
e:\clonerepo\nmpt_game\ninjagaiden\grid.cpp(92): warning C4244: 'initializing': conversion from 'float' to 'int', possible loss of data
e:\clonerepo\nmpt_game\ninjagaiden\grid.cpp(93): warning C4244: 'initializing': conversion from 'float' to 'int', possible loss of data
e:\clonerepo\nmpt_game\ninjagaiden\grid.cpp(199): warning C4244: 'initializing': conversion from 'float' to 'int', possible loss of data
e:\clonerepo\nmpt_game\ninjagaiden\grid.cpp(200): warning C4244: 'initializing': conversion from 'float' to 'int', possible loss of data
e:\clonerepo\nmpt_game\ninjagaiden\grid.cpp(262): warning C4244: 'argument': conversion from 'double' to 'float', possible loss of data
e:\clonerepo\nmpt_game\ninjagaiden\grid.cpp(265): warning C4244: 'argument': conversion from 'double' to 'float', possible loss of data
e:\clonerepo\nmpt_game\ninjagaiden\grid.cpp(283): warning C4244: 'argument': conversion from 'double' to 'float', possible loss of data
  Generating Code...
  Compiling...
  Item.cpp
e:\clonerepo\nmpt_game\ninjagaiden\item.cpp(15): warning C4390: ';': empty controlled statement found; is this the intent?
  ItemAvailableState.cpp
  ItemHolderState.cpp
  ItemState.cpp
  Keyboard.cpp
  c:\program files (x86)\microsoft directx sdk (june 2010)\include\dinput.h: DIRECTINPUT_VERSION undefined. Defaulting to version 0x0800
e:\clonerepo\nmpt_game\ninjagaiden\keyboard.cpp(111): warning C4244: 'argument': conversion from 'LONG' to 'FLOAT', possible loss of data
  Main.cpp
  c:\program files (x86)\microsoft directx sdk (june 2010)\include\dinput.h: DIRECTINPUT_VERSION undefined. Defaulting to version 0x0800
e:\clonerepo\nmpt_game\ninjagaiden\main.cpp(134): warning C4244: 'argument': conversion from 'float' to 'DWORD', possible loss of data
  MyHelper.cpp
e:\clonerepo\nmpt_game\ninjagaiden\myhelper.cpp(5): warning C4244: '=': conversion from 'float' to 'LONG', possible loss of data
e:\clonerepo\nmpt_game\ninjagaiden\myhelper.cpp(6): warning C4244: '=': conversion from 'float' to 'LONG', possible loss of data
e:\clonerepo\nmpt_game\ninjagaiden\myhelper.cpp(7): warning C4244: '=': conversion from 'float' to 'LONG', possible loss of data
e:\clonerepo\nmpt_game\ninjagaiden\myhelper.cpp(8): warning C4244: '=': conversion from 'float' to 'LONG', possible loss of data
  Player.cpp
  c:\program files (x86)\microsoft directx sdk (june 2010)\include\dinput.h: DIRECTINPUT_VERSION undefined. Defaulting to version 0x0800
e:\clonerepo\nmpt_game\ninjagaiden\player.cpp(47): warning C4244: '=': conversion from 'UINT' to 'float', possible loss of data
e:\clonerepo\nmpt_game\ninjagaiden\player.cpp(48): warning C4244: '=': conversion from 'UINT' to 'float', possible loss of data
e:\clonerepo\nmpt_game\ninjagaiden\player.cpp(69): warning C4244: 'argument': conversion from 'int' to 'float', possible loss of data
e:\clonerepo\nmpt_game\ninjagaiden\player.cpp(204): warning C4244: 'return': conversion from 'float' to 'int', possible loss of data
e:\clonerepo\nmpt_game\ninjagaiden\player.cpp(208): warning C4244: 'return': conversion from 'float' to 'int', possible loss of data
e:\clonerepo\nmpt_game\ninjagaiden\player.cpp(225): warning C4244: '=': conversion from 'int' to 'float', possible loss of data
e:\clonerepo\nmpt_game\ninjagaiden\player.cpp(229): warning C4244: '=': conversion from 'int' to 'float', possible loss of data
e:\clonerepo\nmpt_game\ninjagaiden\player.cpp(230): warning C4244: '=': conversion from 'int' to 'float', possible loss of data
e:\clonerepo\nmpt_game\ninjagaiden\player.cpp(234): warning C4244: '=': conversion from 'int' to 'float', possible loss of data
e:\clonerepo\nmpt_game\ninjagaiden\player.cpp(238): warning C4244: '=': conversion from 'int' to 'float', possible loss of data
  PlayerBeatenState.cpp
  c:\program files (x86)\microsoft directx sdk (june 2010)\include\dinput.h: DIRECTINPUT_VERSION undefined. Defaulting to version 0x0800
  PlayerClimbState.cpp
  c:\program files (x86)\microsoft directx sdk (june 2010)\include\dinput.h: DIRECTINPUT_VERSION undefined. Defaulting to version 0x0800
  PlayerCrouchSlashState.cpp
  c:\program files (x86)\microsoft directx sdk (june 2010)\include\dinput.h: DIRECTINPUT_VERSION undefined. Defaulting to version 0x0800
  PlayerCrouchState.cpp
  c:\program files (x86)\microsoft directx sdk (june 2010)\include\dinput.h: DIRECTINPUT_VERSION undefined. Defaulting to version 0x0800
  PlayerData.cpp
  PlayerIdleState.cpp
  c:\program files (x86)\microsoft directx sdk (june 2010)\include\dinput.h: DIRECTINPUT_VERSION undefined. Defaulting to version 0x0800
  PlayerJumpingState.cpp
  c:\program files (x86)\microsoft directx sdk (june 2010)\include\dinput.h: DIRECTINPUT_VERSION undefined. Defaulting to version 0x0800
  PlayerRunningState.cpp
  c:\program files (x86)\microsoft directx sdk (june 2010)\include\dinput.h: DIRECTINPUT_VERSION undefined. Defaulting to version 0x0800
e:\clonerepo\nmpt_game\ninjagaiden\playerrunningstate.cpp(7): warning C4305: 'argument': truncation from 'double' to 'float'
  PlayerSlashState.cpp
  c:\program files (x86)\microsoft directx sdk (june 2010)\include\dinput.h: DIRECTINPUT_VERSION undefined. Defaulting to version 0x0800
  PlayerState.cpp
  c:\program files (x86)\microsoft directx sdk (june 2010)\include\dinput.h: DIRECTINPUT_VERSION undefined. Defaulting to version 0x0800
  PlayerUseSkillState.cpp
  c:\program files (x86)\microsoft directx sdk (june 2010)\include\dinput.h: DIRECTINPUT_VERSION undefined. Defaulting to version 0x0800
  PlayScene.cpp
  c:\program files (x86)\microsoft directx sdk (june 2010)\include\dinput.h: DIRECTINPUT_VERSION undefined. Defaulting to version 0x0800
e:\clonerepo\nmpt_game\ninjagaiden\playscene.cpp(13): warning C4244: 'argument': conversion from 'int' to 'FLOAT', possible loss of data
e:\clonerepo\nmpt_game\ninjagaiden\playscene.cpp(69): warning C4244: 'argument': conversion from 'int' to 'float', possible loss of data
e:\clonerepo\nmpt_game\ninjagaiden\playscene.cpp(98): warning C4018: '<': signed/unsigned mismatch
e:\clonerepo\nmpt_game\ninjagaiden\playscene.cpp(100): warning C4018: '<': signed/unsigned mismatch
  Generating Code...
  Compiling...
  RedShuriken.cpp
  c:\program files (x86)\microsoft directx sdk (june 2010)\include\dinput.h: DIRECTINPUT_VERSION undefined. Defaulting to version 0x0800
e:\clonerepo\nmpt_game\ninjagaiden\redshuriken.cpp(11): warning C4244: '=': conversion from 'UINT' to 'float', possible loss of data
e:\clonerepo\nmpt_game\ninjagaiden\redshuriken.cpp(12): warning C4244: '=': conversion from 'UINT' to 'float', possible loss of data
e:\clonerepo\nmpt_game\ninjagaiden\redshuriken.cpp(43): warning C4244: '=': conversion from 'int' to 'float', possible loss of data
e:\clonerepo\nmpt_game\ninjagaiden\redshuriken.cpp(48): warning C4244: '=': conversion from 'int' to 'float', possible loss of data
e:\clonerepo\nmpt_game\ninjagaiden\redshuriken.cpp(53): warning C4244: '=': conversion from 'int' to 'float', possible loss of data
e:\clonerepo\nmpt_game\ninjagaiden\redshuriken.cpp(57): warning C4244: '=': conversion from 'int' to 'float', possible loss of data
  Scene.cpp
  c:\program files (x86)\microsoft directx sdk (june 2010)\include\dinput.h: DIRECTINPUT_VERSION undefined. Defaulting to version 0x0800
  Scene31.cpp
  SceneManager.cpp
  c:\program files (x86)\microsoft directx sdk (june 2010)\include\dinput.h: DIRECTINPUT_VERSION undefined. Defaulting to version 0x0800
  Soldier.cpp
  c:\program files (x86)\microsoft directx sdk (june 2010)\include\dinput.h: DIRECTINPUT_VERSION undefined. Defaulting to version 0x0800
e:\clonerepo\nmpt_game\ninjagaiden\soldier.cpp(13): warning C4244: '=': conversion from 'double' to 'float', possible loss of data
e:\clonerepo\nmpt_game\ninjagaiden\soldier.cpp(14): warning C4244: '=': conversion from 'double' to 'float', possible loss of data
e:\clonerepo\nmpt_game\ninjagaiden\soldier.cpp(30): warning C4244: '=': conversion from 'int' to 'float', possible loss of data
e:\clonerepo\nmpt_game\ninjagaiden\soldier.cpp(34): warning C4244: '=': conversion from 'int' to 'float', possible loss of data
e:\clonerepo\nmpt_game\ninjagaiden\soldier.cpp(39): warning C4244: '=': conversion from 'int' to 'float', possible loss of data
e:\clonerepo\nmpt_game\ninjagaiden\soldier.cpp(43): warning C4244: '=': conversion from 'int' to 'float', possible loss of data
  SoldierAttackState.cpp
  c:\program files (x86)\microsoft directx sdk (june 2010)\include\dinput.h: DIRECTINPUT_VERSION undefined. Defaulting to version 0x0800
  SoldierFollowState.cpp
  c:\program files (x86)\microsoft directx sdk (june 2010)\include\dinput.h: DIRECTINPUT_VERSION undefined. Defaulting to version 0x0800
  Sparta.cpp
  c:\program files (x86)\microsoft directx sdk (june 2010)\include\dinput.h: DIRECTINPUT_VERSION undefined. Defaulting to version 0x0800
e:\clonerepo\nmpt_game\ninjagaiden\sparta.cpp(12): warning C4244: '=': conversion from 'UINT' to 'float', possible loss of data
e:\clonerepo\nmpt_game\ninjagaiden\sparta.cpp(13): warning C4244: '=': conversion from 'UINT' to 'float', possible loss of data
e:\clonerepo\nmpt_game\ninjagaiden\sparta.cpp(24): warning C4244: '=': conversion from 'int' to 'float', possible loss of data
e:\clonerepo\nmpt_game\ninjagaiden\sparta.cpp(28): warning C4244: '=': conversion from 'int' to 'float', possible loss of data
e:\clonerepo\nmpt_game\ninjagaiden\sparta.cpp(33): warning C4244: '=': conversion from 'int' to 'float', possible loss of data
e:\clonerepo\nmpt_game\ninjagaiden\sparta.cpp(37): warning C4244: '=': conversion from 'int' to 'float', possible loss of data
  SpartaFollowState.cpp
  c:\program files (x86)\microsoft directx sdk (june 2010)\include\dinput.h: DIRECTINPUT_VERSION undefined. Defaulting to version 0x0800
  Sprites.cpp
e:\clonerepo\nmpt_game\ninjagaiden\sprites.cpp(8): warning C4244: '=': conversion from 'float' to 'int', possible loss of data
e:\clonerepo\nmpt_game\ninjagaiden\sprites.cpp(9): warning C4244: '=': conversion from 'float' to 'int', possible loss of data
e:\clonerepo\nmpt_game\ninjagaiden\sprites.cpp(17): warning C4244: 'argument': conversion from 'int' to 'float', possible loss of data
e:\clonerepo\nmpt_game\ninjagaiden\sprites.cpp(77): warning C4244: 'argument': conversion from 'int' to 'FLOAT', possible loss of data
e:\clonerepo\nmpt_game\ninjagaiden\sprites.cpp(82): warning C4244: '=': conversion from 'int' to 'float', possible loss of data
e:\clonerepo\nmpt_game\ninjagaiden\sprites.cpp(83): warning C4244: '=': conversion from 'int' to 'float', possible loss of data
e:\clonerepo\nmpt_game\ninjagaiden\sprites.cpp(96): warning C4244: 'argument': conversion from 'int' to 'FLOAT', possible loss of data
  Textures.cpp
  c:\program files (x86)\microsoft directx sdk (june 2010)\include\dinput.h: DIRECTINPUT_VERSION undefined. Defaulting to version 0x0800
  Thrower.cpp
  c:\program files (x86)\microsoft directx sdk (june 2010)\include\dinput.h: DIRECTINPUT_VERSION undefined. Defaulting to version 0x0800
e:\clonerepo\nmpt_game\ninjagaiden\thrower.cpp(14): warning C4244: '=': conversion from 'double' to 'float', possible loss of data
e:\clonerepo\nmpt_game\ninjagaiden\thrower.cpp(15): warning C4244: '=': conversion from 'double' to 'float', possible loss of data
e:\clonerepo\nmpt_game\ninjagaiden\thrower.cpp(39): warning C4244: '=': conversion from 'int' to 'float', possible loss of data
e:\clonerepo\nmpt_game\ninjagaiden\thrower.cpp(43): warning C4244: '=': conversion from 'int' to 'float', possible loss of data
e:\clonerepo\nmpt_game\ninjagaiden\thrower.cpp(48): warning C4244: '=': conversion from 'int' to 'float', possible loss of data
e:\clonerepo\nmpt_game\ninjagaiden\thrower.cpp(52): warning C4244: '=': conversion from 'int' to 'float', possible loss of data
  ThrowerAttackState.cpp
  c:\program files (x86)\microsoft directx sdk (june 2010)\include\dinput.h: DIRECTINPUT_VERSION undefined. Defaulting to version 0x0800
  ThrowerBullet.cpp
  c:\program files (x86)\microsoft directx sdk (june 2010)\include\dinput.h: DIRECTINPUT_VERSION undefined. Defaulting to version 0x0800
e:\clonerepo\nmpt_game\ninjagaiden\throwerbullet.cpp(12): warning C4244: '=': conversion from 'UINT' to 'float', possible loss of data
e:\clonerepo\nmpt_game\ninjagaiden\throwerbullet.cpp(13): warning C4244: '=': conversion from 'UINT' to 'float', possible loss of data
e:\clonerepo\nmpt_game\ninjagaiden\throwerbullet.cpp(25): warning C4244: '=': conversion from 'int' to 'float', possible loss of data
e:\clonerepo\nmpt_game\ninjagaiden\throwerbullet.cpp(29): warning C4244: '=': conversion from 'int' to 'float', possible loss of data
e:\clonerepo\nmpt_game\ninjagaiden\throwerbullet.cpp(34): warning C4244: '=': conversion from 'int' to 'float', possible loss of data
e:\clonerepo\nmpt_game\ninjagaiden\throwerbullet.cpp(38): warning C4244: '=': conversion from 'int' to 'float', possible loss of data
  ThrowerFollowState.cpp
  c:\program files (x86)\microsoft directx sdk (june 2010)\include\dinput.h: DIRECTINPUT_VERSION undefined. Defaulting to version 0x0800
  Unit.cpp
  c:\program files (x86)\microsoft directx sdk (june 2010)\include\dinput.h: DIRECTINPUT_VERSION undefined. Defaulting to version 0x0800
e:\clonerepo\nmpt_game\ninjagaiden\unit.cpp(23): warning C4244: '=': conversion from 'int' to 'float', possible loss of data
e:\clonerepo\nmpt_game\ninjagaiden\unit.cpp(24): warning C4244: '=': conversion from 'int' to 'float', possible loss of data
e:\clonerepo\nmpt_game\ninjagaiden\unit.cpp(25): warning C4244: '=': conversion from 'int' to 'float', possible loss of data
e:\clonerepo\nmpt_game\ninjagaiden\unit.cpp(26): warning C4244: '=': conversion from 'int' to 'float', possible loss of data
  EnemyWeapon.cpp
e:\clonerepo\nmpt_game\ninjagaiden\enemyweapon.cpp(31): warning C4244: '=': conversion from 'int' to 'float', possible loss of data
e:\clonerepo\nmpt_game\ninjagaiden\enemyweapon.cpp(36): warning C4244: '=': conversion from 'int' to 'float', possible loss of data
e:\clonerepo\nmpt_game\ninjagaiden\enemyweapon.cpp(41): warning C4244: '=': conversion from 'int' to 'float', possible loss of data
e:\clonerepo\nmpt_game\ninjagaiden\enemyweapon.cpp(45): warning C4244: '=': conversion from 'int' to 'float', possible loss of data
  EnemyWeaponState.cpp
  Generating Code...
  NinjaGaiden.vcxproj -> E:\CloneRepo\NMPT_Game\Debug\NinjaGaiden_newGrid.exe
