  Animation.cpp
c:\users\hp\desktop\ninjagaiden\ninjagaiden\animation.cpp(29): warning C4244: 'argument': conversion from 'float' to 'int', possible loss of data
c:\users\hp\desktop\ninjagaiden\ninjagaiden\animation.cpp(47): warning C4244: 'argument': conversion from 'float' to 'int', possible loss of data
c:\users\hp\desktop\ninjagaiden\ninjagaiden\animation.cpp(80): warning C4244: '+=': conversion from 'double' to 'float', possible loss of data
c:\users\hp\desktop\ninjagaiden\ninjagaiden\animation.cpp(81): warning C4244: '+=': conversion from 'double' to 'float', possible loss of data
  Camera.cpp
c:\users\hp\desktop\ninjagaiden\ninjagaiden\camera.cpp(10): warning C4244: '=': conversion from 'int' to 'float', possible loss of data
c:\users\hp\desktop\ninjagaiden\ninjagaiden\camera.cpp(11): warning C4244: '=': conversion from 'int' to 'float', possible loss of data
c:\users\hp\desktop\ninjagaiden\ninjagaiden\camera.cpp(20): warning C4244: '=': conversion from 'int' to 'float', possible loss of data
  Cat.cpp
  c:\program files (x86)\microsoft directx sdk (june 2010)\include\dinput.h: DIRECTINPUT_VERSION undefined. Defaulting to version 0x0800
c:\users\hp\desktop\ninjagaiden\ninjagaiden\cat.cpp(12): warning C4244: '=': conversion from 'UINT' to 'float', possible loss of data
c:\users\hp\desktop\ninjagaiden\ninjagaiden\cat.cpp(13): warning C4244: '=': conversion from 'UINT' to 'float', possible loss of data
c:\users\hp\desktop\ninjagaiden\ninjagaiden\cat.cpp(35): warning C4244: '=': conversion from 'int' to 'float', possible loss of data
c:\users\hp\desktop\ninjagaiden\ninjagaiden\cat.cpp(39): warning C4244: '=': conversion from 'int' to 'float', possible loss of data
c:\users\hp\desktop\ninjagaiden\ninjagaiden\cat.cpp(44): warning C4244: '=': conversion from 'int' to 'float', possible loss of data
c:\users\hp\desktop\ninjagaiden\ninjagaiden\cat.cpp(48): warning C4244: '=': conversion from 'int' to 'float', possible loss of data
  CatFollowState.cpp
  c:\program files (x86)\microsoft directx sdk (june 2010)\include\dinput.h: DIRECTINPUT_VERSION undefined. Defaulting to version 0x0800
  CollisionDetector.cpp
c:\users\hp\desktop\ninjagaiden\ninjagaiden\collisiondetector.cpp(70): warning C4244: 'argument': conversion from 'double' to 'FLOAT', possible loss of data
c:\users\hp\desktop\ninjagaiden\ninjagaiden\collisiondetector.cpp(72): warning C4244: 'argument': conversion from 'double' to 'FLOAT', possible loss of data
c:\users\hp\desktop\ninjagaiden\ninjagaiden\collisiondetector.cpp(160): warning C4244: 'argument': conversion from 'double' to 'FLOAT', possible loss of data
c:\users\hp\desktop\ninjagaiden\ninjagaiden\collisiondetector.cpp(161): warning C4244: 'argument': conversion from 'double' to 'FLOAT', possible loss of data
  Debug.cpp
  Eagle.cpp
  c:\program files (x86)\microsoft directx sdk (june 2010)\include\dinput.h: DIRECTINPUT_VERSION undefined. Defaulting to version 0x0800
c:\users\hp\desktop\ninjagaiden\ninjagaiden\eagle.cpp(13): warning C4244: '=': conversion from 'UINT' to 'float', possible loss of data
c:\users\hp\desktop\ninjagaiden\ninjagaiden\eagle.cpp(14): warning C4244: '=': conversion from 'UINT' to 'float', possible loss of data
c:\users\hp\desktop\ninjagaiden\ninjagaiden\eagle.cpp(38): warning C4244: '=': conversion from 'int' to 'float', possible loss of data
c:\users\hp\desktop\ninjagaiden\ninjagaiden\eagle.cpp(42): warning C4244: '=': conversion from 'int' to 'float', possible loss of data
c:\users\hp\desktop\ninjagaiden\ninjagaiden\eagle.cpp(47): warning C4244: '=': conversion from 'int' to 'float', possible loss of data
c:\users\hp\desktop\ninjagaiden\ninjagaiden\eagle.cpp(51): warning C4244: '=': conversion from 'int' to 'float', possible loss of data
  EagleFollowState.cpp
  c:\program files (x86)\microsoft directx sdk (june 2010)\include\dinput.h: DIRECTINPUT_VERSION undefined. Defaulting to version 0x0800
  Enemy.cpp
  c:\program files (x86)\microsoft directx sdk (june 2010)\include\dinput.h: DIRECTINPUT_VERSION undefined. Defaulting to version 0x0800
c:\users\hp\desktop\ninjagaiden\ninjagaiden\enemy.cpp(67): warning C4244: '=': conversion from 'int' to 'float', possible loss of data
c:\users\hp\desktop\ninjagaiden\ninjagaiden\enemy.cpp(71): warning C4244: '=': conversion from 'int' to 'float', possible loss of data
c:\users\hp\desktop\ninjagaiden\ninjagaiden\enemy.cpp(76): warning C4244: '=': conversion from 'int' to 'float', possible loss of data
c:\users\hp\desktop\ninjagaiden\ninjagaiden\enemy.cpp(80): warning C4244: '=': conversion from 'int' to 'float', possible loss of data
c:\users\hp\desktop\ninjagaiden\ninjagaiden\enemy.cpp(136): warning C4244: 'argument': conversion from 'float' to 'int', possible loss of data
c:\users\hp\desktop\ninjagaiden\ninjagaiden\enemy.cpp(137): warning C4244: 'argument': conversion from 'float' to 'int', possible loss of data
c:\users\hp\desktop\ninjagaiden\ninjagaiden\enemy.cpp(138): warning C4244: 'argument': conversion from 'float' to 'int', possible loss of data
  EnemyBeatenState.cpp
  c:\program files (x86)\microsoft directx sdk (june 2010)\include\dinput.h: DIRECTINPUT_VERSION undefined. Defaulting to version 0x0800
  EnemyState.cpp
  c:\program files (x86)\microsoft directx sdk (june 2010)\include\dinput.h: DIRECTINPUT_VERSION undefined. Defaulting to version 0x0800
  Entity.cpp
c:\users\hp\desktop\ninjagaiden\ninjagaiden\entity.cpp(91): warning C4244: '=': conversion from 'int' to 'float', possible loss of data
c:\users\hp\desktop\ninjagaiden\ninjagaiden\entity.cpp(99): warning C4244: '=': conversion from 'int' to 'float', possible loss of data
c:\users\hp\desktop\ninjagaiden\ninjagaiden\entity.cpp(158): warning C4244: '+=': conversion from 'double' to 'float', possible loss of data
c:\users\hp\desktop\ninjagaiden\ninjagaiden\entity.cpp(159): warning C4244: '+=': conversion from 'double' to 'float', possible loss of data
c:\users\hp\desktop\ninjagaiden\ninjagaiden\entity.cpp(164): warning C4244: '+=': conversion from 'double' to 'float', possible loss of data
c:\users\hp\desktop\ninjagaiden\ninjagaiden\entity.cpp(165): warning C4244: '+=': conversion from 'double' to 'float', possible loss of data
  GameManager.cpp
  c:\program files (x86)\microsoft directx sdk (june 2010)\include\dinput.h: DIRECTINPUT_VERSION undefined. Defaulting to version 0x0800
  GameMap.cpp
  c:\program files (x86)\microsoft directx sdk (june 2010)\include\dinput.h: DIRECTINPUT_VERSION undefined. Defaulting to version 0x0800
c:\users\hp\desktop\ninjagaiden\ninjagaiden\gamemap.cpp(58): warning C4244: 'argument': conversion from 'int' to 'float', possible loss of data
c:\users\hp\desktop\ninjagaiden\ninjagaiden\gamemap.cpp(84): warning C4244: 'argument': conversion from 'int' to 'FLOAT', possible loss of data
c:\users\hp\desktop\ninjagaiden\ninjagaiden\gamemap.cpp(93): warning C4244: '=': conversion from 'int' to 'float', possible loss of data
c:\users\hp\desktop\ninjagaiden\ninjagaiden\gamemap.cpp(94): warning C4244: '=': conversion from 'int' to 'float', possible loss of data
c:\users\hp\desktop\ninjagaiden\ninjagaiden\gamemap.cpp(95): warning C4244: '=': conversion from 'int' to 'float', possible loss of data
c:\users\hp\desktop\ninjagaiden\ninjagaiden\gamemap.cpp(96): warning C4244: '=': conversion from 'int' to 'float', possible loss of data
c:\users\hp\desktop\ninjagaiden\ninjagaiden\gamemap.cpp(104): warning C4244: '=': conversion from 'int' to 'float', possible loss of data
c:\users\hp\desktop\ninjagaiden\ninjagaiden\gamemap.cpp(105): warning C4244: '=': conversion from 'int' to 'float', possible loss of data
c:\users\hp\desktop\ninjagaiden\ninjagaiden\gamemap.cpp(106): warning C4244: '=': conversion from 'int' to 'float', possible loss of data
c:\users\hp\desktop\ninjagaiden\ninjagaiden\gamemap.cpp(107): warning C4244: '=': conversion from 'int' to 'float', possible loss of data
c:\users\hp\desktop\ninjagaiden\ninjagaiden\gamemap.cpp(116): warning C4244: '=': conversion from 'int' to 'float', possible loss of data
c:\users\hp\desktop\ninjagaiden\ninjagaiden\gamemap.cpp(117): warning C4244: '=': conversion from 'int' to 'float', possible loss of data
c:\users\hp\desktop\ninjagaiden\ninjagaiden\gamemap.cpp(118): warning C4244: '=': conversion from 'int' to 'float', possible loss of data
c:\users\hp\desktop\ninjagaiden\ninjagaiden\gamemap.cpp(119): warning C4244: '=': conversion from 'int' to 'float', possible loss of data
c:\users\hp\desktop\ninjagaiden\ninjagaiden\gamemap.cpp(128): warning C4244: '=': conversion from 'int' to 'float', possible loss of data
c:\users\hp\desktop\ninjagaiden\ninjagaiden\gamemap.cpp(129): warning C4244: '=': conversion from 'int' to 'float', possible loss of data
c:\users\hp\desktop\ninjagaiden\ninjagaiden\gamemap.cpp(130): warning C4244: '=': conversion from 'int' to 'float', possible loss of data
c:\users\hp\desktop\ninjagaiden\ninjagaiden\gamemap.cpp(131): warning C4244: '=': conversion from 'int' to 'float', possible loss of data
c:\users\hp\desktop\ninjagaiden\ninjagaiden\gamemap.cpp(140): warning C4244: '=': conversion from 'int' to 'float', possible loss of data
c:\users\hp\desktop\ninjagaiden\ninjagaiden\gamemap.cpp(141): warning C4244: '=': conversion from 'int' to 'float', possible loss of data
c:\users\hp\desktop\ninjagaiden\ninjagaiden\gamemap.cpp(142): warning C4244: '=': conversion from 'int' to 'float', possible loss of data
c:\users\hp\desktop\ninjagaiden\ninjagaiden\gamemap.cpp(143): warning C4244: '=': conversion from 'int' to 'float', possible loss of data
c:\users\hp\desktop\ninjagaiden\ninjagaiden\gamemap.cpp(204): warning C4244: '=': conversion from 'int' to 'float', possible loss of data
c:\users\hp\desktop\ninjagaiden\ninjagaiden\gamemap.cpp(206): warning C4244: '=': conversion from 'int' to 'float', possible loss of data
c:\users\hp\desktop\ninjagaiden\ninjagaiden\gamemap.cpp(210): warning C4244: 'argument': conversion from 'int' to 'FLOAT', possible loss of data
c:\users\hp\desktop\ninjagaiden\ninjagaiden\gamemap.cpp(256): warning C4244: '=': conversion from 'int' to 'float', possible loss of data
c:\users\hp\desktop\ninjagaiden\ninjagaiden\gamemap.cpp(257): warning C4244: '=': conversion from 'int' to 'float', possible loss of data
  GameTime.cpp
  Graphic.cpp
  Grid.cpp
  c:\program files (x86)\microsoft directx sdk (june 2010)\include\dinput.h: DIRECTINPUT_VERSION undefined. Defaulting to version 0x0800
c:\users\hp\desktop\ninjagaiden\ninjagaiden\grid.cpp(37): warning C4244: '=': conversion from 'float' to 'int', possible loss of data
c:\users\hp\desktop\ninjagaiden\ninjagaiden\grid.cpp(38): warning C4244: '=': conversion from 'float' to 'int', possible loss of data
c:\users\hp\desktop\ninjagaiden\ninjagaiden\grid.cpp(39): warning C4244: '=': conversion from 'int' to 'float', possible loss of data
c:\users\hp\desktop\ninjagaiden\ninjagaiden\grid.cpp(40): warning C4244: '=': conversion from 'int' to 'float', possible loss of data
c:\users\hp\desktop\ninjagaiden\ninjagaiden\grid.cpp(92): warning C4244: 'initializing': conversion from 'float' to 'int', possible loss of data
c:\users\hp\desktop\ninjagaiden\ninjagaiden\grid.cpp(93): warning C4244: 'initializing': conversion from 'float' to 'int', possible loss of data
c:\users\hp\desktop\ninjagaiden\ninjagaiden\grid.cpp(198): warning C4244: 'initializing': conversion from 'float' to 'int', possible loss of data
c:\users\hp\desktop\ninjagaiden\ninjagaiden\grid.cpp(199): warning C4244: 'initializing': conversion from 'float' to 'int', possible loss of data
c:\users\hp\desktop\ninjagaiden\ninjagaiden\grid.cpp(244): warning C4244: 'argument': conversion from 'double' to 'float', possible loss of data
c:\users\hp\desktop\ninjagaiden\ninjagaiden\grid.cpp(247): warning C4244: 'argument': conversion from 'double' to 'float', possible loss of data
c:\users\hp\desktop\ninjagaiden\ninjagaiden\grid.cpp(266): warning C4244: 'argument': conversion from 'double' to 'float', possible loss of data
  Item.cpp
c:\users\hp\desktop\ninjagaiden\ninjagaiden\item.cpp(15): warning C4390: ';': empty controlled statement found; is this the intent?
  ItemAvailableState.cpp
  ItemHolderState.cpp
  Generating Code...
  Compiling...
  ItemState.cpp
  Keyboard.cpp
  c:\program files (x86)\microsoft directx sdk (june 2010)\include\dinput.h: DIRECTINPUT_VERSION undefined. Defaulting to version 0x0800
c:\users\hp\desktop\ninjagaiden\ninjagaiden\keyboard.cpp(111): warning C4244: 'argument': conversion from 'LONG' to 'FLOAT', possible loss of data
  Main.cpp
  c:\program files (x86)\microsoft directx sdk (june 2010)\include\dinput.h: DIRECTINPUT_VERSION undefined. Defaulting to version 0x0800
c:\users\hp\desktop\ninjagaiden\ninjagaiden\main.cpp(134): warning C4244: 'argument': conversion from 'float' to 'DWORD', possible loss of data
  MyHelper.cpp
c:\users\hp\desktop\ninjagaiden\ninjagaiden\myhelper.cpp(5): warning C4244: '=': conversion from 'float' to 'LONG', possible loss of data
c:\users\hp\desktop\ninjagaiden\ninjagaiden\myhelper.cpp(6): warning C4244: '=': conversion from 'float' to 'LONG', possible loss of data
c:\users\hp\desktop\ninjagaiden\ninjagaiden\myhelper.cpp(7): warning C4244: '=': conversion from 'float' to 'LONG', possible loss of data
c:\users\hp\desktop\ninjagaiden\ninjagaiden\myhelper.cpp(8): warning C4244: '=': conversion from 'float' to 'LONG', possible loss of data
  ObjectGroup.cpp
  Player.cpp
  c:\program files (x86)\microsoft directx sdk (june 2010)\include\dinput.h: DIRECTINPUT_VERSION undefined. Defaulting to version 0x0800
c:\users\hp\desktop\ninjagaiden\ninjagaiden\player.cpp(46): warning C4244: '=': conversion from 'UINT' to 'float', possible loss of data
c:\users\hp\desktop\ninjagaiden\ninjagaiden\player.cpp(47): warning C4244: '=': conversion from 'UINT' to 'float', possible loss of data
c:\users\hp\desktop\ninjagaiden\ninjagaiden\player.cpp(64): warning C4244: 'argument': conversion from 'int' to 'float', possible loss of data
c:\users\hp\desktop\ninjagaiden\ninjagaiden\player.cpp(182): warning C4244: 'return': conversion from 'float' to 'int', possible loss of data
c:\users\hp\desktop\ninjagaiden\ninjagaiden\player.cpp(186): warning C4244: 'return': conversion from 'float' to 'int', possible loss of data
c:\users\hp\desktop\ninjagaiden\ninjagaiden\player.cpp(203): warning C4244: '=': conversion from 'int' to 'float', possible loss of data
c:\users\hp\desktop\ninjagaiden\ninjagaiden\player.cpp(207): warning C4244: '=': conversion from 'int' to 'float', possible loss of data
c:\users\hp\desktop\ninjagaiden\ninjagaiden\player.cpp(208): warning C4244: '=': conversion from 'int' to 'float', possible loss of data
c:\users\hp\desktop\ninjagaiden\ninjagaiden\player.cpp(212): warning C4244: '=': conversion from 'int' to 'float', possible loss of data
c:\users\hp\desktop\ninjagaiden\ninjagaiden\player.cpp(216): warning C4244: '=': conversion from 'int' to 'float', possible loss of data
  PlayerBeatenState.cpp
  c:\program files (x86)\microsoft directx sdk (june 2010)\include\dinput.h: DIRECTINPUT_VERSION undefined. Defaulting to version 0x0800
  PlayerClimbState.cpp
  c:\program files (x86)\microsoft directx sdk (june 2010)\include\dinput.h: DIRECTINPUT_VERSION undefined. Defaulting to version 0x0800
  PlayerCrouchSlashState.cpp
  c:\program files (x86)\microsoft directx sdk (june 2010)\include\dinput.h: DIRECTINPUT_VERSION undefined. Defaulting to version 0x0800
  PlayerCrouchState.cpp
  c:\program files (x86)\microsoft directx sdk (june 2010)\include\dinput.h: DIRECTINPUT_VERSION undefined. Defaulting to version 0x0800
  PlayerData.cpp
  PlayerIdleState.cpp
  c:\program files (x86)\microsoft directx sdk (june 2010)\include\dinput.h: DIRECTINPUT_VERSION undefined. Defaulting to version 0x0800
  PlayerJumpingState.cpp
  c:\program files (x86)\microsoft directx sdk (june 2010)\include\dinput.h: DIRECTINPUT_VERSION undefined. Defaulting to version 0x0800
  PlayerRunningState.cpp
  c:\program files (x86)\microsoft directx sdk (june 2010)\include\dinput.h: DIRECTINPUT_VERSION undefined. Defaulting to version 0x0800
c:\users\hp\desktop\ninjagaiden\ninjagaiden\playerrunningstate.cpp(7): warning C4305: 'argument': truncation from 'double' to 'float'
  PlayerSlashState.cpp
  c:\program files (x86)\microsoft directx sdk (june 2010)\include\dinput.h: DIRECTINPUT_VERSION undefined. Defaulting to version 0x0800
  PlayerState.cpp
  c:\program files (x86)\microsoft directx sdk (june 2010)\include\dinput.h: DIRECTINPUT_VERSION undefined. Defaulting to version 0x0800
  PlayerUseItemState.cpp
  c:\program files (x86)\microsoft directx sdk (june 2010)\include\dinput.h: DIRECTINPUT_VERSION undefined. Defaulting to version 0x0800
  PlayScene.cpp
  c:\program files (x86)\microsoft directx sdk (june 2010)\include\dinput.h: DIRECTINPUT_VERSION undefined. Defaulting to version 0x0800
c:\users\hp\desktop\ninjagaiden\ninjagaiden\playscene.cpp(13): warning C4244: 'argument': conversion from 'int' to 'FLOAT', possible loss of data
c:\users\hp\desktop\ninjagaiden\ninjagaiden\playscene.cpp(69): warning C4244: 'argument': conversion from 'int' to 'float', possible loss of data
c:\users\hp\desktop\ninjagaiden\ninjagaiden\playscene.cpp(102): warning C4267: 'argument': conversion from 'size_t' to 'int', possible loss of data
c:\users\hp\desktop\ninjagaiden\ninjagaiden\playscene.cpp(105): warning C4267: 'argument': conversion from 'size_t' to 'int', possible loss of data
c:\users\hp\desktop\ninjagaiden\ninjagaiden\playscene.cpp(106): warning C4267: 'argument': conversion from 'size_t' to 'int', possible loss of data
  Scene.cpp
  c:\program files (x86)\microsoft directx sdk (june 2010)\include\dinput.h: DIRECTINPUT_VERSION undefined. Defaulting to version 0x0800
  Scene31.cpp
  Generating Code...
  Compiling...
  SceneManager.cpp
  c:\program files (x86)\microsoft directx sdk (june 2010)\include\dinput.h: DIRECTINPUT_VERSION undefined. Defaulting to version 0x0800
  Soldier.cpp
  c:\program files (x86)\microsoft directx sdk (june 2010)\include\dinput.h: DIRECTINPUT_VERSION undefined. Defaulting to version 0x0800
c:\users\hp\desktop\ninjagaiden\ninjagaiden\soldier.cpp(13): warning C4244: '=': conversion from 'double' to 'float', possible loss of data
c:\users\hp\desktop\ninjagaiden\ninjagaiden\soldier.cpp(14): warning C4244: '=': conversion from 'double' to 'float', possible loss of data
c:\users\hp\desktop\ninjagaiden\ninjagaiden\soldier.cpp(30): warning C4244: '=': conversion from 'int' to 'float', possible loss of data
c:\users\hp\desktop\ninjagaiden\ninjagaiden\soldier.cpp(34): warning C4244: '=': conversion from 'int' to 'float', possible loss of data
c:\users\hp\desktop\ninjagaiden\ninjagaiden\soldier.cpp(39): warning C4244: '=': conversion from 'int' to 'float', possible loss of data
c:\users\hp\desktop\ninjagaiden\ninjagaiden\soldier.cpp(43): warning C4244: '=': conversion from 'int' to 'float', possible loss of data
  SoldierAttackState.cpp
  c:\program files (x86)\microsoft directx sdk (june 2010)\include\dinput.h: DIRECTINPUT_VERSION undefined. Defaulting to version 0x0800
  SoldierFollowState.cpp
  c:\program files (x86)\microsoft directx sdk (june 2010)\include\dinput.h: DIRECTINPUT_VERSION undefined. Defaulting to version 0x0800
  Sparta.cpp
  c:\program files (x86)\microsoft directx sdk (june 2010)\include\dinput.h: DIRECTINPUT_VERSION undefined. Defaulting to version 0x0800
c:\users\hp\desktop\ninjagaiden\ninjagaiden\sparta.cpp(12): warning C4244: '=': conversion from 'UINT' to 'float', possible loss of data
c:\users\hp\desktop\ninjagaiden\ninjagaiden\sparta.cpp(13): warning C4244: '=': conversion from 'UINT' to 'float', possible loss of data
c:\users\hp\desktop\ninjagaiden\ninjagaiden\sparta.cpp(24): warning C4244: '=': conversion from 'int' to 'float', possible loss of data
c:\users\hp\desktop\ninjagaiden\ninjagaiden\sparta.cpp(28): warning C4244: '=': conversion from 'int' to 'float', possible loss of data
c:\users\hp\desktop\ninjagaiden\ninjagaiden\sparta.cpp(33): warning C4244: '=': conversion from 'int' to 'float', possible loss of data
c:\users\hp\desktop\ninjagaiden\ninjagaiden\sparta.cpp(37): warning C4244: '=': conversion from 'int' to 'float', possible loss of data
  SpartaFollowState.cpp
  c:\program files (x86)\microsoft directx sdk (june 2010)\include\dinput.h: DIRECTINPUT_VERSION undefined. Defaulting to version 0x0800
  Sprites.cpp
c:\users\hp\desktop\ninjagaiden\ninjagaiden\sprites.cpp(8): warning C4244: '=': conversion from 'float' to 'int', possible loss of data
c:\users\hp\desktop\ninjagaiden\ninjagaiden\sprites.cpp(9): warning C4244: '=': conversion from 'float' to 'int', possible loss of data
c:\users\hp\desktop\ninjagaiden\ninjagaiden\sprites.cpp(17): warning C4244: 'argument': conversion from 'int' to 'float', possible loss of data
c:\users\hp\desktop\ninjagaiden\ninjagaiden\sprites.cpp(77): warning C4244: 'argument': conversion from 'int' to 'FLOAT', possible loss of data
c:\users\hp\desktop\ninjagaiden\ninjagaiden\sprites.cpp(82): warning C4244: '=': conversion from 'int' to 'float', possible loss of data
c:\users\hp\desktop\ninjagaiden\ninjagaiden\sprites.cpp(83): warning C4244: '=': conversion from 'int' to 'float', possible loss of data
c:\users\hp\desktop\ninjagaiden\ninjagaiden\sprites.cpp(96): warning C4244: 'argument': conversion from 'int' to 'FLOAT', possible loss of data
  Textures.cpp
  c:\program files (x86)\microsoft directx sdk (june 2010)\include\dinput.h: DIRECTINPUT_VERSION undefined. Defaulting to version 0x0800
  Thrower.cpp
  c:\program files (x86)\microsoft directx sdk (june 2010)\include\dinput.h: DIRECTINPUT_VERSION undefined. Defaulting to version 0x0800
c:\users\hp\desktop\ninjagaiden\ninjagaiden\thrower.cpp(14): warning C4244: '=': conversion from 'double' to 'float', possible loss of data
c:\users\hp\desktop\ninjagaiden\ninjagaiden\thrower.cpp(15): warning C4244: '=': conversion from 'double' to 'float', possible loss of data
c:\users\hp\desktop\ninjagaiden\ninjagaiden\thrower.cpp(39): warning C4244: '=': conversion from 'int' to 'float', possible loss of data
c:\users\hp\desktop\ninjagaiden\ninjagaiden\thrower.cpp(43): warning C4244: '=': conversion from 'int' to 'float', possible loss of data
c:\users\hp\desktop\ninjagaiden\ninjagaiden\thrower.cpp(48): warning C4244: '=': conversion from 'int' to 'float', possible loss of data
c:\users\hp\desktop\ninjagaiden\ninjagaiden\thrower.cpp(52): warning C4244: '=': conversion from 'int' to 'float', possible loss of data
  ThrowerAttackState.cpp
  c:\program files (x86)\microsoft directx sdk (june 2010)\include\dinput.h: DIRECTINPUT_VERSION undefined. Defaulting to version 0x0800
  ThrowerFollowState.cpp
  c:\program files (x86)\microsoft directx sdk (june 2010)\include\dinput.h: DIRECTINPUT_VERSION undefined. Defaulting to version 0x0800
  Unit.cpp
  c:\program files (x86)\microsoft directx sdk (june 2010)\include\dinput.h: DIRECTINPUT_VERSION undefined. Defaulting to version 0x0800
c:\users\hp\desktop\ninjagaiden\ninjagaiden\unit.cpp(23): warning C4244: '=': conversion from 'int' to 'float', possible loss of data
c:\users\hp\desktop\ninjagaiden\ninjagaiden\unit.cpp(24): warning C4244: '=': conversion from 'int' to 'float', possible loss of data
c:\users\hp\desktop\ninjagaiden\ninjagaiden\unit.cpp(25): warning C4244: '=': conversion from 'int' to 'float', possible loss of data
c:\users\hp\desktop\ninjagaiden\ninjagaiden\unit.cpp(26): warning C4244: '=': conversion from 'int' to 'float', possible loss of data
  Generating Code...
x64\Debug\Animation.obj : fatal error LNK1112: module machine type 'x64' conflicts with target machine type 'x86'
